{"/home/abc/NEWFOLDER/JavaScript1/project1/para.js": {"path":"/home/abc/NEWFOLDER/JavaScript1/project1/para.js","statementMap":{"0":{"start":{"line":2,"column":17},"end":{"line":2,"column":36}},"1":{"start":{"line":3,"column":14},"end":{"line":3,"column":35}},"2":{"start":{"line":6,"column":13},"end":{"line":9,"column":4}},"3":{"start":{"line":12,"column":2},"end":{"line":18,"column":5}},"4":{"start":{"line":13,"column":4},"end":{"line":17,"column":7}},"5":{"start":{"line":14,"column":21},"end":{"line":14,"column":44}},"6":{"start":{"line":15,"column":6},"end":{"line":15,"column":26}},"7":{"start":{"line":16,"column":6},"end":{"line":16,"column":17}},"8":{"start":{"line":22,"column":2},"end":{"line":63,"column":3}},"9":{"start":{"line":24,"column":4},"end":{"line":60,"column":5}},"10":{"start":{"line":25,"column":6},"end":{"line":25,"column":57}},"11":{"start":{"line":28,"column":21},"end":{"line":28,"column":68}},"12":{"start":{"line":31,"column":26},"end":{"line":34,"column":7}},"13":{"start":{"line":37,"column":23},"end":{"line":43,"column":8}},"14":{"start":{"line":45,"column":6},"end":{"line":47,"column":7}},"15":{"start":{"line":46,"column":8},"end":{"line":46,"column":66}},"16":{"start":{"line":49,"column":19},"end":{"line":49,"column":40}},"17":{"start":{"line":52,"column":6},"end":{"line":59,"column":7}},"18":{"start":{"line":55,"column":8},"end":{"line":55,"column":28}},"19":{"start":{"line":58,"column":8},"end":{"line":58,"column":54}},"20":{"start":{"line":62,"column":4},"end":{"line":62,"column":35}},"21":{"start":{"line":66,"column":0},"end":{"line":66,"column":11}},"22":{"start":{"line":68,"column":0},"end":{"line":68,"column":27}}},"fnMap":{"0":{"name":"mainPara","decl":{"start":{"line":5,"column":9},"end":{"line":5,"column":17}},"loc":{"start":{"line":5,"column":20},"end":{"line":19,"column":1}},"line":5},"1":{"name":"(anonymous_1)","decl":{"start":{"line":12,"column":44},"end":{"line":12,"column":45}},"loc":{"start":{"line":12,"column":60},"end":{"line":18,"column":3}},"line":12},"2":{"name":"(anonymous_2)","decl":{"start":{"line":13,"column":75},"end":{"line":13,"column":76}},"loc":{"start":{"line":13,"column":91},"end":{"line":17,"column":5}},"line":13},"3":{"name":"para1","decl":{"start":{"line":21,"column":15},"end":{"line":21,"column":20}},"loc":{"start":{"line":21,"column":33},"end":{"line":64,"column":1}},"line":21}},"branchMap":{"0":{"loc":{"start":{"line":24,"column":4},"end":{"line":60,"column":5}},"type":"if","locations":[{"start":{"line":24,"column":4},"end":{"line":60,"column":5}},{"start":{"line":26,"column":11},"end":{"line":60,"column":5}}],"line":24},"1":{"loc":{"start":{"line":24,"column":8},"end":{"line":24,"column":66}},"type":"binary-expr","locations":[{"start":{"line":24,"column":8},"end":{"line":24,"column":19}},{"start":{"line":24,"column":23},"end":{"line":24,"column":34}},{"start":{"line":24,"column":38},"end":{"line":24,"column":50}},{"start":{"line":24,"column":54},"end":{"line":24,"column":66}}],"line":24},"2":{"loc":{"start":{"line":45,"column":6},"end":{"line":47,"column":7}},"type":"if","locations":[{"start":{"line":45,"column":6},"end":{"line":47,"column":7}},{"start":{},"end":{}}],"line":45},"3":{"loc":{"start":{"line":52,"column":6},"end":{"line":59,"column":7}},"type":"if","locations":[{"start":{"line":52,"column":6},"end":{"line":59,"column":7}},{"start":{"line":56,"column":13},"end":{"line":59,"column":7}}],"line":52},"4":{"loc":{"start":{"line":52,"column":10},"end":{"line":52,"column":51}},"type":"binary-expr","locations":[{"start":{"line":52,"column":10},"end":{"line":52,"column":14}},{"start":{"line":52,"column":18},"end":{"line":52,"column":27}},{"start":{"line":52,"column":31},"end":{"line":52,"column":51}}],"line":52}},"s":{"0":1,"1":1,"2":1,"3":1,"4":0,"5":0,"6":0,"7":0,"8":2,"9":2,"10":1,"11":1,"12":1,"13":1,"14":1,"15":0,"16":1,"17":1,"18":1,"19":0,"20":0,"21":1,"22":1},"f":{"0":1,"1":0,"2":0,"3":2},"b":{"0":[1,1],"1":[2,1,1,1],"2":[0,1],"3":[1,0],"4":[1,1,1]},"_coverageSchema":"1a1c01bbd47fc00a2c39e90264f33305004495a9","hash":"b6803c7a725f4bbce6bd435fa6426bc339373d7d"}
}
