TN:
SF:para.js
FN:5,mainPara
FN:12,(anonymous_1)
FN:13,(anonymous_2)
FN:21,para1
FNF:4
FNH:2
FNDA:1,mainPara
FNDA:0,(anonymous_1)
FNDA:0,(anonymous_2)
FNDA:2,para1
DA:2,1
DA:3,1
DA:6,1
DA:12,1
DA:13,0
DA:14,0
DA:15,0
DA:16,0
DA:22,2
DA:24,2
DA:25,1
DA:28,1
DA:31,1
DA:37,1
DA:45,1
DA:46,0
DA:49,1
DA:52,1
DA:55,1
DA:58,0
DA:62,0
DA:66,1
DA:68,1
LF:23
LH:16
BRDA:24,0,0,1
BRDA:24,0,1,1
BRDA:24,1,0,2
BRDA:24,1,1,1
BRDA:24,1,2,1
BRDA:24,1,3,1
BRDA:45,2,0,0
BRDA:45,2,1,1
BRDA:52,3,0,1
BRDA:52,3,1,0
BRDA:52,4,0,1
BRDA:52,4,1,1
BRDA:52,4,2,1
BRF:13
BRH:11
end_of_record
